app/build/intermediates/manifest_merge_blame_file/debug/manifest-merger-blame-debug-report.txt
1<?xml version="1.0" encoding="utf-8"?>
2<manifest xmlns:android="http://schemas.android.com/apk/res/android"
3    package="com.example.orderattack"
4    android:versionCode="1"
5    android:versionName="1.0" >
6
7    <uses-sdk
<<<<<<< Updated upstream
8        android:minSdkVersion="24"
8-->src\main\AndroidManifest.xml
=======
8        android:minSdkVersion="27"
>>>>>>> Stashed changes
9        android:targetSdkVersion="34" />
9-->src\main\AndroidManifest.xml
10    <!-- 사용자 휴대폰으로부터 사진 업로드를 위한 권한요청 -->
11    <uses-permission android:name="android.permission.READ_EXTERNAL_STORAGE" />
11-->src\main\AndroidManifest.xml:5:5-80
11-->src\main\AndroidManifest.xml:5:22-77
12    <uses-permission android:name="android.permission.INTERNET" />
<<<<<<< Updated upstream
12-->src\main\AndroidManifest.xml:6:5-67
12-->src\main\AndroidManifest.xml:6:22-64
=======
12-->src/main/AndroidManifest.xml:6:5-67
12-->src/main/AndroidManifest.xml:6:22-64
>>>>>>> Stashed changes
13
14    <!-- Although the *SdkVersion is captured in gradle build files, this is required for non gradle builds -->
15    <!-- <uses-sdk android:minSdkVersion="14"/> -->
16    <uses-permission android:name="android.permission.ACCESS_NETWORK_STATE" />
<<<<<<< Updated upstream
16-->[com.google.firebase:firebase-storage:20.3.0] AndroidManifest.xml:23:5-79
16-->[com.google.firebase:firebase-storage:20.3.0] AndroidManifest.xml:23:22-76
17    <uses-permission android:name="android.permission.WAKE_LOCK" />
17-->[com.google.android.gms:play-services-measurement-api:21.5.0] AndroidManifest.xml:24:5-68
17-->[com.google.android.gms:play-services-measurement-api:21.5.0] AndroidManifest.xml:24:22-65
18    <uses-permission android:name="com.google.android.gms.permission.AD_ID" />
18-->[com.google.android.gms:play-services-measurement-api:21.5.0] AndroidManifest.xml:25:5-79
18-->[com.google.android.gms:play-services-measurement-api:21.5.0] AndroidManifest.xml:25:22-76
19    <uses-permission android:name="android.permission.ACCESS_ADSERVICES_ATTRIBUTION" />
19-->[com.google.android.gms:play-services-measurement-api:21.5.0] AndroidManifest.xml:26:5-88
19-->[com.google.android.gms:play-services-measurement-api:21.5.0] AndroidManifest.xml:26:22-85
20    <uses-permission android:name="android.permission.ACCESS_ADSERVICES_AD_ID" />
20-->[com.google.android.gms:play-services-measurement-api:21.5.0] AndroidManifest.xml:27:5-82
20-->[com.google.android.gms:play-services-measurement-api:21.5.0] AndroidManifest.xml:27:22-79
21    <uses-permission android:name="com.google.android.finsky.permission.BIND_GET_INSTALL_REFERRER_SERVICE" />
21-->[com.google.android.gms:play-services-measurement:21.5.0] AndroidManifest.xml:26:5-110
21-->[com.google.android.gms:play-services-measurement:21.5.0] AndroidManifest.xml:26:22-107
22
23    <permission
23-->[androidx.core:core:1.9.0] AndroidManifest.xml:22:5-24:47
24        android:name="com.example.orderattack.DYNAMIC_RECEIVER_NOT_EXPORTED_PERMISSION"
24-->[androidx.core:core:1.9.0] AndroidManifest.xml:23:9-81
25        android:protectionLevel="signature" />
25-->[androidx.core:core:1.9.0] AndroidManifest.xml:24:9-44
26
27    <uses-permission android:name="com.example.orderattack.DYNAMIC_RECEIVER_NOT_EXPORTED_PERMISSION" />
27-->[androidx.core:core:1.9.0] AndroidManifest.xml:26:5-97
27-->[androidx.core:core:1.9.0] AndroidManifest.xml:26:22-94
28
29    <application
29-->src\main\AndroidManifest.xml:8:5-189:19
30        android:allowBackup="true"
30-->src\main\AndroidManifest.xml:9:9-35
31        android:appComponentFactory="androidx.core.app.CoreComponentFactory"
31-->[androidx.core:core:1.9.0] AndroidManifest.xml:28:18-86
32        android:dataExtractionRules="@xml/data_extraction_rules"
32-->src\main\AndroidManifest.xml:10:9-65
33        android:debuggable="true"
34        android:extractNativeLibs="false"
35        android:fullBackupContent="@xml/backup_rules"
35-->src\main\AndroidManifest.xml:11:9-54
36        android:icon="@mipmap/ic_launcher"
36-->src\main\AndroidManifest.xml:12:9-43
37        android:label="@string/app_name"
37-->src\main\AndroidManifest.xml:13:9-41
38        android:roundIcon="@mipmap/ic_launcher_round"
38-->src\main\AndroidManifest.xml:14:9-54
39        android:supportsRtl="true"
39-->src\main\AndroidManifest.xml:15:9-35
40        android:testOnly="true"
41        android:theme="@style/Theme.OrderAttack" >
41-->src\main\AndroidManifest.xml:16:9-49
42        <activity
42-->src\main\AndroidManifest.xml:18:9-20:40
43            android:name="com.example.orderattack.game.kiosk.Step1.realwalletget"
43-->src\main\AndroidManifest.xml:19:13-59
44            android:exported="false" />
44-->src\main\AndroidManifest.xml:20:13-37
45        <activity
45-->src\main\AndroidManifest.xml:21:9-23:40
46            android:name="com.example.orderattack.game.kiosk.Step1.walletget"
46-->src\main\AndroidManifest.xml:22:13-55
47            android:exported="false" />
47-->src\main\AndroidManifest.xml:23:13-37
48        <activity
48-->src\main\AndroidManifest.xml:24:9-26:40
49            android:name="com.example.orderattack.game.kiosk.Step1.successwindow"
49-->src\main\AndroidManifest.xml:25:13-59
50            android:exported="false" />
50-->src\main\AndroidManifest.xml:26:13-37
51        <activity
51-->src\main\AndroidManifest.xml:27:9-29:40
52            android:name="com.example.orderattack.game.kiosk.Step1.orderfinish"
52-->src\main\AndroidManifest.xml:28:13-57
53            android:exported="false" />
53-->src\main\AndroidManifest.xml:29:13-37
54        <activity
54-->src\main\AndroidManifest.xml:30:9-32:40
55            android:name="com.example.orderattack.game.kiosk.Step1.cardpay"
55-->src\main\AndroidManifest.xml:31:13-53
56            android:exported="false" />
56-->src\main\AndroidManifest.xml:32:13-37
57        <activity
57-->src\main\AndroidManifest.xml:33:9-35:40
58            android:name="com.example.orderattack.game.kiosk.Step1.paywaychoose"
58-->src\main\AndroidManifest.xml:34:13-58
59            android:exported="false" />
59-->src\main\AndroidManifest.xml:35:13-37
60        <activity
60-->src\main\AndroidManifest.xml:36:9-38:40
61            android:name="com.example.orderattack.game.kiosk.Step1.beforepay_ordercheck"
61-->src\main\AndroidManifest.xml:37:13-66
62            android:exported="false" />
62-->src\main\AndroidManifest.xml:38:13-37
63        <activity
63-->src\main\AndroidManifest.xml:39:9-41:40
64            android:name="com.example.orderattack.game.kiosk.Step1.mpornot_after_coke"
64-->src\main\AndroidManifest.xml:40:13-64
65            android:exported="false" />
65-->src\main\AndroidManifest.xml:41:13-37
66        <activity
66-->src\main\AndroidManifest.xml:42:9-44:40
67            android:name="com.example.orderattack.game.kiosk.Step1.together"
67-->src\main\AndroidManifest.xml:43:13-54
68            android:exported="false" />
68-->src\main\AndroidManifest.xml:44:13-37
69        <activity
69-->src\main\AndroidManifest.xml:45:9-47:40
70            android:name="com.example.orderattack.game.kiosk.Step1.final_check_inburger"
70-->src\main\AndroidManifest.xml:46:13-66
71            android:exported="false" />
71-->src\main\AndroidManifest.xml:47:13-37
72        <activity
72-->src\main\AndroidManifest.xml:48:9-50:40
73            android:name="com.example.orderattack.game.kiosk.Step1.success_order"
73-->src\main\AndroidManifest.xml:49:13-59
74            android:exported="false" />
74-->src\main\AndroidManifest.xml:50:13-37
75        <activity
75-->src\main\AndroidManifest.xml:51:9-53:40
76            android:name="com.example.orderattack.game.kiosk.Step1.mpornot_coke_answer"
76-->src\main\AndroidManifest.xml:52:13-65
77            android:exported="false" />
77-->src\main\AndroidManifest.xml:53:13-37
78        <activity
78-->src\main\AndroidManifest.xml:54:9-56:40
79            android:name="com.example.orderattack.game.kiosk.Step1.mpornot_coke"
79-->src\main\AndroidManifest.xml:55:13-58
80            android:exported="false" />
80-->src\main\AndroidManifest.xml:56:13-37
81        <activity
81-->src\main\AndroidManifest.xml:57:9-59:40
82            android:name="com.example.orderattack.game.kiosk.Step1.mpornot_after_fri"
82-->src\main\AndroidManifest.xml:58:13-63
83            android:exported="false" />
83-->src\main\AndroidManifest.xml:59:13-37
84        <activity
84-->src\main\AndroidManifest.xml:60:9-62:40
85            android:name="com.example.orderattack.game.kiosk.Step1.mpornot_fri_answer1"
85-->src\main\AndroidManifest.xml:61:13-65
86            android:exported="false" />
86-->src\main\AndroidManifest.xml:62:13-37
87        <activity
87-->src\main\AndroidManifest.xml:63:9-65:40
88            android:name="com.example.orderattack.game.kiosk.Step1.mpornot_fri"
88-->src\main\AndroidManifest.xml:64:13-57
89            android:exported="false" />
89-->src\main\AndroidManifest.xml:65:13-37
90        <activity
90-->src\main\AndroidManifest.xml:66:9-68:40
91            android:name="com.example.orderattack.game.kiosk.Step1.mpornot_after_ham"
91-->src\main\AndroidManifest.xml:67:13-63
92            android:exported="false" />
92-->src\main\AndroidManifest.xml:68:13-37
93        <activity
93-->src\main\AndroidManifest.xml:69:9-71:40
94            android:name="com.example.orderattack.game.kiosk.Step1.mpornot_ham_answer2"
94-->src\main\AndroidManifest.xml:70:13-65
95            android:exported="false" />
95-->src\main\AndroidManifest.xml:71:13-37
96        <activity
96-->src\main\AndroidManifest.xml:72:9-74:40
97            android:name="com.example.orderattack.game.kiosk.Step1.mpornot_ham_answer1"
97-->src\main\AndroidManifest.xml:73:13-65
98            android:exported="false" />
98-->src\main\AndroidManifest.xml:74:13-37
99        <activity
99-->src\main\AndroidManifest.xml:75:9-77:40
100            android:name="com.example.orderattack.game.kiosk.Step1.mpornot_ham"
100-->src\main\AndroidManifest.xml:76:13-57
101            android:exported="false" />
101-->src\main\AndroidManifest.xml:77:13-37
102        <activity
102-->src\main\AndroidManifest.xml:78:9-80:40
103            android:name="com.example.orderattack.game.kiosk.Step1.mpornot"
103-->src\main\AndroidManifest.xml:79:13-53
104            android:exported="false" />
104-->src\main\AndroidManifest.xml:80:13-37
105        <activity
105-->src\main\AndroidManifest.xml:81:9-83:40
106            android:name="com.example.orderattack.game.kiosk.Step1.setside_drink"
106-->src\main\AndroidManifest.xml:82:13-59
107            android:exported="false" />
107-->src\main\AndroidManifest.xml:83:13-37
108        <activity
108-->src\main\AndroidManifest.xml:84:9-86:40
109            android:name="com.example.orderattack.game.kiosk.Step1.setside"
109-->src\main\AndroidManifest.xml:85:13-53
110            android:exported="false" />
110-->src\main\AndroidManifest.xml:86:13-37
111        <activity
111-->src\main\AndroidManifest.xml:87:9-89:40
112            android:name="com.example.orderattack.game.kiosk.Step1.setsize"
112-->src\main\AndroidManifest.xml:88:13-53
113            android:exported="false" />
113-->src\main\AndroidManifest.xml:89:13-37
114        <activity
114-->src\main\AndroidManifest.xml:90:9-92:40
115            android:name="com.example.orderattack.game.kiosk.Step1.setornot"
115-->src\main\AndroidManifest.xml:91:13-54
116            android:exported="false" />
116-->src\main\AndroidManifest.xml:92:13-37
117        <activity
117-->src\main\AndroidManifest.xml:93:9-95:40
118            android:name="com.example.orderattack.game.kiosk.Step1.burger_seafood"
118-->src\main\AndroidManifest.xml:94:13-60
119            android:exported="false" />
119-->src\main\AndroidManifest.xml:95:13-37
120        <activity
120-->src\main\AndroidManifest.xml:96:9-98:40
121            android:name="com.example.orderattack.game.kiosk.Step1.Burger_bul"
121-->src\main\AndroidManifest.xml:97:13-56
122            android:exported="false" />
122-->src\main\AndroidManifest.xml:98:13-37
123        <activity
123-->src\main\AndroidManifest.xml:99:9-101:40
124            android:name="com.example.orderattack.game.kiosk.Step1.Burger_chicken"
124-->src\main\AndroidManifest.xml:100:13-60
125            android:exported="false" />
125-->src\main\AndroidManifest.xml:101:13-37
126        <activity
126-->src\main\AndroidManifest.xml:102:9-104:40
127            android:name="com.example.orderattack.game.kiosk.Step1.Burger_beef"
127-->src\main\AndroidManifest.xml:103:13-57
128            android:exported="false" />
128-->src\main\AndroidManifest.xml:104:13-37
129        <activity
129-->src\main\AndroidManifest.xml:105:9-107:40
130            android:name="com.example.orderattack.game.kiosk.Step1.Burger_all"
130-->src\main\AndroidManifest.xml:106:13-56
131            android:exported="false" />
131-->src\main\AndroidManifest.xml:107:13-37
132        <activity
132-->src\main\AndroidManifest.xml:108:9-110:40
133            android:name="com.example.orderattack.game.kiosk.Step1.home_beforeorder"
133-->src\main\AndroidManifest.xml:109:13-62
134            android:exported="false" />
134-->src\main\AndroidManifest.xml:110:13-37
135        <activity
135-->src\main\AndroidManifest.xml:111:9-113:40
136            android:name="com.example.orderattack.game.kiosk.Step1.ChooseplaceActivity"
136-->src\main\AndroidManifest.xml:112:13-65
137            android:exported="false" />
137-->src\main\AndroidManifest.xml:113:13-37
138        <activity
138-->src\main\AndroidManifest.xml:114:9-116:40
139            android:name="com.example.orderattack.Healingtown.MypageActivity"
139-->src\main\AndroidManifest.xml:115:13-55
140            android:exported="false" />
140-->src\main\AndroidManifest.xml:116:13-37
141        <activity
141-->src\main\AndroidManifest.xml:117:9-119:40
142            android:name="com.example.orderattack.game.movie.MovieBonusActivity"
142-->src\main\AndroidManifest.xml:118:13-58
143            android:exported="false" />
143-->src\main\AndroidManifest.xml:119:13-37
144        <activity
144-->src\main\AndroidManifest.xml:120:9-122:40
145            android:name="com.example.orderattack.game.movie.MovieStep3Activity"
145-->src\main\AndroidManifest.xml:121:13-58
146            android:exported="false" />
146-->src\main\AndroidManifest.xml:122:13-37
147        <activity
147-->src\main\AndroidManifest.xml:123:9-125:40
148            android:name="com.example.orderattack.game.movie.MovieStep1Activity"
148-->src\main\AndroidManifest.xml:124:13-58
149            android:exported="false" />
149-->src\main\AndroidManifest.xml:125:13-37
150        <activity
150-->src\main\AndroidManifest.xml:126:9-128:40
151            android:name="com.example.orderattack.game.movie.MovieStep2Activity"
151-->src\main\AndroidManifest.xml:127:13-58
152            android:exported="false" />
152-->src\main\AndroidManifest.xml:128:13-37
153        <activity
153-->src\main\AndroidManifest.xml:129:9-131:40
154            android:name="com.example.orderattack.game.movie.Movie_intro"
154-->src\main\AndroidManifest.xml:130:13-51
155            android:exported="false" />
155-->src\main\AndroidManifest.xml:131:13-37
156        <activity
156-->src\main\AndroidManifest.xml:132:9-134:40
157            android:name="com.example.orderattack.Healingtown.HealingMainActivity"
157-->src\main\AndroidManifest.xml:133:13-60
158            android:exported="false" />
158-->src\main\AndroidManifest.xml:134:13-37
159        <activity
159-->src\main\AndroidManifest.xml:135:9-137:40
160            android:name="com.example.orderattack.auth.JoinActivity"
160-->src\main\AndroidManifest.xml:136:13-46
161            android:exported="false" />
161-->src\main\AndroidManifest.xml:137:13-37
162        <activity
162-->src\main\AndroidManifest.xml:138:9-140:40
163            android:name="com.example.orderattack.auth.LoginActivity"
163-->src\main\AndroidManifest.xml:139:13-47
164            android:exported="false" />
164-->src\main\AndroidManifest.xml:140:13-37
165        <activity
165-->src\main\AndroidManifest.xml:141:9-143:40
166            android:name="com.example.orderattack.auth.IntroActivity"
166-->src\main\AndroidManifest.xml:142:13-47
167            android:exported="false" />
167-->src\main\AndroidManifest.xml:143:13-37
168        <activity
168-->src\main\AndroidManifest.xml:144:9-152:20
169            android:name="com.example.orderattack.SplashActivity"
169-->src\main\AndroidManifest.xml:145:13-43
170            android:exported="true" >
170-->src\main\AndroidManifest.xml:146:13-36
171            <intent-filter>
171-->src\main\AndroidManifest.xml:147:13-151:29
172                <action android:name="android.intent.action.MAIN" />
172-->src\main\AndroidManifest.xml:148:17-69
172-->src\main\AndroidManifest.xml:148:25-66
173
174                <category android:name="android.intent.category.LAUNCHER" />
174-->src\main\AndroidManifest.xml:150:17-77
174-->src\main\AndroidManifest.xml:150:27-74
175            </intent-filter>
176        </activity>
177        <activity
177-->src\main\AndroidManifest.xml:153:9-155:39
178            android:name="com.example.orderattack.MainActivity"
178-->src\main\AndroidManifest.xml:154:13-41
179            android:exported="true" />
179-->src\main\AndroidManifest.xml:155:13-36
180        <activity
180-->src\main\AndroidManifest.xml:156:9-158:40
181            android:name="com.example.orderattack.game.gameintro"
181-->src\main\AndroidManifest.xml:157:13-43
182            android:exported="false" />
182-->src\main\AndroidManifest.xml:158:13-37
183        <activity
183-->src\main\AndroidManifest.xml:159:9-161:40
184            android:name="com.example.orderattack.game.kiosk.Kiosk_intro"
184-->src\main\AndroidManifest.xml:160:13-51
185            android:exported="false" />
185-->src\main\AndroidManifest.xml:161:13-37
186        <activity
186-->src\main\AndroidManifest.xml:162:9-164:40
187            android:name="com.example.orderattack.game.kiosk.KioskBonusActivity"
187-->src\main\AndroidManifest.xml:163:13-58
188            android:exported="false" />
188-->src\main\AndroidManifest.xml:164:13-37
189        <activity
189-->src\main\AndroidManifest.xml:165:9-167:40
190            android:name="com.example.orderattack.game.kiosk.KioskStep3Activity"
190-->src\main\AndroidManifest.xml:166:13-58
191            android:exported="false" />
191-->src\main\AndroidManifest.xml:167:13-37
192        <activity
192-->src\main\AndroidManifest.xml:168:9-170:40
193            android:name="com.example.orderattack.game.kiosk.Step1.KioskStep1Activity"
193-->src\main\AndroidManifest.xml:169:13-64
194            android:exported="false" />
194-->src\main\AndroidManifest.xml:170:13-37
195        <activity
195-->src\main\AndroidManifest.xml:171:9-173:40
196            android:name="com.example.orderattack.game.kiosk.KioskStep2Activity"
196-->src\main\AndroidManifest.xml:172:13-58
197            android:exported="false" />
197-->src\main\AndroidManifest.xml:173:13-37
198        <activity
198-->src\main\AndroidManifest.xml:174:9-176:40
199            android:name="com.example.orderattack.game.bus.Bus_intro"
199-->src\main\AndroidManifest.xml:175:13-47
200            android:exported="false" />
200-->src\main\AndroidManifest.xml:176:13-37
201        <activity
201-->src\main\AndroidManifest.xml:177:9-179:40
202            android:name="com.example.orderattack.game.bus.BusBonusActivity"
202-->src\main\AndroidManifest.xml:178:13-54
203            android:exported="false" />
203-->src\main\AndroidManifest.xml:179:13-37
204        <activity
204-->src\main\AndroidManifest.xml:180:9-182:40
205            android:name="com.example.orderattack.game.bus.BusStep3Activity"
205-->src\main\AndroidManifest.xml:181:13-54
206            android:exported="false" />
206-->src\main\AndroidManifest.xml:182:13-37
207        <activity
207-->src\main\AndroidManifest.xml:183:9-185:40
208            android:name="com.example.orderattack.game.bus.BusStep1Activity"
208-->src\main\AndroidManifest.xml:184:13-54
209            android:exported="false" />
209-->src\main\AndroidManifest.xml:185:13-37
210        <activity
210-->src\main\AndroidManifest.xml:186:9-188:40
211            android:name="com.example.orderattack.game.bus.BusStep2Activity"
211-->src\main\AndroidManifest.xml:187:13-54
212            android:exported="false" />
212-->src\main\AndroidManifest.xml:188:13-37
213
214        <service
214-->[com.google.firebase:firebase-database-ktx:20.3.0] AndroidManifest.xml:9:9-15:19
215            android:name="com.google.firebase.components.ComponentDiscoveryService"
215-->[com.google.firebase:firebase-database-ktx:20.3.0] AndroidManifest.xml:10:13-84
216            android:directBootAware="true"
216-->[com.google.firebase:firebase-common:20.4.2] AndroidManifest.xml:32:13-43
217            android:exported="false" >
217-->[com.google.firebase:firebase-database-ktx:20.3.0] AndroidManifest.xml:11:13-37
218            <meta-data
218-->[com.google.firebase:firebase-database-ktx:20.3.0] AndroidManifest.xml:12:13-14:85
219                android:name="com.google.firebase.components:com.google.firebase.database.ktx.FirebaseDatabaseLegacyRegistrar"
219-->[com.google.firebase:firebase-database-ktx:20.3.0] AndroidManifest.xml:13:17-127
220                android:value="com.google.firebase.components.ComponentRegistrar" />
220-->[com.google.firebase:firebase-database-ktx:20.3.0] AndroidManifest.xml:14:17-82
221            <meta-data
221-->[com.google.firebase:firebase-auth-ktx:22.3.0] AndroidManifest.xml:11:13-13:85
222                android:name="com.google.firebase.components:com.google.firebase.auth.ktx.FirebaseAuthLegacyRegistrar"
222-->[com.google.firebase:firebase-auth-ktx:22.3.0] AndroidManifest.xml:12:17-119
223                android:value="com.google.firebase.components.ComponentRegistrar" />
223-->[com.google.firebase:firebase-auth-ktx:22.3.0] AndroidManifest.xml:13:17-82
224            <meta-data
224-->[com.google.firebase:firebase-storage:20.3.0] AndroidManifest.xml:30:13-32:85
225                android:name="com.google.firebase.components:com.google.firebase.storage.FirebaseStorageKtxRegistrar"
225-->[com.google.firebase:firebase-storage:20.3.0] AndroidManifest.xml:31:17-118
226                android:value="com.google.firebase.components.ComponentRegistrar" />
226-->[com.google.firebase:firebase-storage:20.3.0] AndroidManifest.xml:32:17-82
227            <meta-data
227-->[com.google.firebase:firebase-storage:20.3.0] AndroidManifest.xml:33:13-35:85
228                android:name="com.google.firebase.components:com.google.firebase.storage.StorageRegistrar"
228-->[com.google.firebase:firebase-storage:20.3.0] AndroidManifest.xml:34:17-107
229                android:value="com.google.firebase.components.ComponentRegistrar" />
229-->[com.google.firebase:firebase-storage:20.3.0] AndroidManifest.xml:35:17-82
230            <meta-data
230-->[com.google.android.gms:play-services-measurement-api:21.5.0] AndroidManifest.xml:37:13-39:85
231                android:name="com.google.firebase.components:com.google.firebase.analytics.connector.internal.AnalyticsConnectorRegistrar"
231-->[com.google.android.gms:play-services-measurement-api:21.5.0] AndroidManifest.xml:38:17-139
232                android:value="com.google.firebase.components.ComponentRegistrar" />
232-->[com.google.android.gms:play-services-measurement-api:21.5.0] AndroidManifest.xml:39:17-82
233            <meta-data
233-->[com.google.firebase:firebase-database:20.3.0] AndroidManifest.xml:29:13-31:85
234                android:name="com.google.firebase.components:com.google.firebase.database.FirebaseDatabaseKtxRegistrar"
234-->[com.google.firebase:firebase-database:20.3.0] AndroidManifest.xml:30:17-120
235                android:value="com.google.firebase.components.ComponentRegistrar" />
235-->[com.google.firebase:firebase-database:20.3.0] AndroidManifest.xml:31:17-82
236            <meta-data
236-->[com.google.firebase:firebase-database:20.3.0] AndroidManifest.xml:32:13-34:85
237                android:name="com.google.firebase.components:com.google.firebase.database.DatabaseRegistrar"
237-->[com.google.firebase:firebase-database:20.3.0] AndroidManifest.xml:33:17-109
238                android:value="com.google.firebase.components.ComponentRegistrar" />
238-->[com.google.firebase:firebase-database:20.3.0] AndroidManifest.xml:34:17-82
239            <meta-data
239-->[com.google.firebase:firebase-auth:22.3.0] AndroidManifest.xml:69:13-71:85
240                android:name="com.google.firebase.components:com.google.firebase.auth.FirebaseAuthRegistrar"
240-->[com.google.firebase:firebase-auth:22.3.0] AndroidManifest.xml:70:17-109
241                android:value="com.google.firebase.components.ComponentRegistrar" />
241-->[com.google.firebase:firebase-auth:22.3.0] AndroidManifest.xml:71:17-82
242            <meta-data
242-->[com.google.firebase:firebase-appcheck:17.1.1] AndroidManifest.xml:25:13-27:85
243                android:name="com.google.firebase.components:com.google.firebase.appcheck.FirebaseAppCheckKtxRegistrar"
243-->[com.google.firebase:firebase-appcheck:17.1.1] AndroidManifest.xml:26:17-120
244                android:value="com.google.firebase.components.ComponentRegistrar" />
244-->[com.google.firebase:firebase-appcheck:17.1.1] AndroidManifest.xml:27:17-82
245            <meta-data
245-->[com.google.firebase:firebase-appcheck:17.1.1] AndroidManifest.xml:28:13-30:85
246                android:name="com.google.firebase.components:com.google.firebase.appcheck.FirebaseAppCheckRegistrar"
246-->[com.google.firebase:firebase-appcheck:17.1.1] AndroidManifest.xml:29:17-117
247                android:value="com.google.firebase.components.ComponentRegistrar" />
247-->[com.google.firebase:firebase-appcheck:17.1.1] AndroidManifest.xml:30:17-82
248            <meta-data
248-->[com.google.firebase:firebase-installations:17.2.0] AndroidManifest.xml:15:13-17:85
249                android:name="com.google.firebase.components:com.google.firebase.installations.FirebaseInstallationsKtxRegistrar"
249-->[com.google.firebase:firebase-installations:17.2.0] AndroidManifest.xml:16:17-130
250                android:value="com.google.firebase.components.ComponentRegistrar" />
250-->[com.google.firebase:firebase-installations:17.2.0] AndroidManifest.xml:17:17-82
251            <meta-data
251-->[com.google.firebase:firebase-installations:17.2.0] AndroidManifest.xml:18:13-20:85
252                android:name="com.google.firebase.components:com.google.firebase.installations.FirebaseInstallationsRegistrar"
252-->[com.google.firebase:firebase-installations:17.2.0] AndroidManifest.xml:19:17-127
253                android:value="com.google.firebase.components.ComponentRegistrar" />
253-->[com.google.firebase:firebase-installations:17.2.0] AndroidManifest.xml:20:17-82
254            <meta-data
254-->[com.google.firebase:firebase-common-ktx:20.4.2] AndroidManifest.xml:12:13-14:85
255                android:name="com.google.firebase.components:com.google.firebase.ktx.FirebaseCommonLegacyRegistrar"
255-->[com.google.firebase:firebase-common-ktx:20.4.2] AndroidManifest.xml:13:17-116
256                android:value="com.google.firebase.components.ComponentRegistrar" />
256-->[com.google.firebase:firebase-common-ktx:20.4.2] AndroidManifest.xml:14:17-82
257            <meta-data
257-->[com.google.firebase:firebase-common:20.4.2] AndroidManifest.xml:35:13-37:85
258                android:name="com.google.firebase.components:com.google.firebase.FirebaseCommonKtxRegistrar"
258-->[com.google.firebase:firebase-common:20.4.2] AndroidManifest.xml:36:17-109
259                android:value="com.google.firebase.components.ComponentRegistrar" />
259-->[com.google.firebase:firebase-common:20.4.2] AndroidManifest.xml:37:17-82
260        </service>
261
262        <property
262-->[com.google.android.gms:play-services-measurement-api:21.5.0] AndroidManifest.xml:30:9-32:61
263            android:name="android.adservices.AD_SERVICES_CONFIG"
263-->[com.google.android.gms:play-services-measurement-api:21.5.0] AndroidManifest.xml:31:13-65
264            android:resource="@xml/ga_ad_services_config" />
264-->[com.google.android.gms:play-services-measurement-api:21.5.0] AndroidManifest.xml:32:13-58
265
266        <activity
266-->[com.google.firebase:firebase-auth:22.3.0] AndroidManifest.xml:29:9-46:20
267            android:name="com.google.firebase.auth.internal.GenericIdpActivity"
267-->[com.google.firebase:firebase-auth:22.3.0] AndroidManifest.xml:30:13-80
268            android:excludeFromRecents="true"
268-->[com.google.firebase:firebase-auth:22.3.0] AndroidManifest.xml:31:13-46
269            android:exported="true"
269-->[com.google.firebase:firebase-auth:22.3.0] AndroidManifest.xml:32:13-36
270            android:launchMode="singleTask"
270-->[com.google.firebase:firebase-auth:22.3.0] AndroidManifest.xml:33:13-44
271            android:theme="@android:style/Theme.Translucent.NoTitleBar" >
271-->[com.google.firebase:firebase-auth:22.3.0] AndroidManifest.xml:34:13-72
272            <intent-filter>
272-->[com.google.firebase:firebase-auth:22.3.0] AndroidManifest.xml:35:13-45:29
273                <action android:name="android.intent.action.VIEW" />
273-->[com.google.firebase:firebase-auth:22.3.0] AndroidManifest.xml:36:17-69
273-->[com.google.firebase:firebase-auth:22.3.0] AndroidManifest.xml:36:25-66
274
275                <category android:name="android.intent.category.DEFAULT" />
275-->[com.google.firebase:firebase-auth:22.3.0] AndroidManifest.xml:38:17-76
275-->[com.google.firebase:firebase-auth:22.3.0] AndroidManifest.xml:38:27-73
276                <category android:name="android.intent.category.BROWSABLE" />
276-->[com.google.firebase:firebase-auth:22.3.0] AndroidManifest.xml:39:17-78
276-->[com.google.firebase:firebase-auth:22.3.0] AndroidManifest.xml:39:27-75
277
278                <data
278-->[com.google.firebase:firebase-auth:22.3.0] AndroidManifest.xml:41:17-44:51
279                    android:host="firebase.auth"